2020-10-09 09:54:34,071 [Worker-5: Loading available Gradle versions] INFO  o.e.b.c.i.u.g.PublishedGradleVersions - Gradle version information cache is out-of-date. Trying to update.
2020-10-09 09:58:40,967 [Worker-3: Loading available Gradle versions] INFO  o.e.b.c.i.u.g.PublishedGradleVersions - Gradle version information cache is up-to-date. Trying to read.
2020-10-09 10:02:49,570 [Worker-0: Loading available Gradle versions] INFO  o.e.b.c.i.u.g.PublishedGradleVersions - Gradle version information cache is up-to-date. Trying to read.
2020-10-09 10:16:46,150 [Worker-3: Loading available Gradle versions] INFO  o.e.b.c.i.u.g.PublishedGradleVersions - Gradle version information cache is up-to-date. Trying to read.
2020-10-09 10:30:57,346 [Worker-0: Loading available Gradle versions] INFO  o.e.b.c.i.u.g.PublishedGradleVersions - Gradle version information cache is up-to-date. Trying to read.
2020-10-09 10:35:18,301 [Worker-23: Update Maven projects configuration] INFO  o.e.m.c.i.p.ProjectConfigurationManager - Update started
2020-10-09 10:35:22,307 [Worker-23: Update Maven projects configuration] INFO  o.e.m.c.i.l.LifecycleMappingFactory - Using org.eclipse.m2e.jdt.JarLifecycleMapping lifecycle mapping for MavenProject: com.vaiDarBom:vaiDarBomPlataformaDeEstudos:0.0.1-SNAPSHOT @ C:\Users\novo_\OneDrive\Documentos\ONG Generations\2º Módulo\SpringBoot\vaiDarBomPlataformaDeEstudos\target\classes\META-INF\maven\com.vaiDarBom\vaiDarBomPlataformaDeEstudos\pom.xml.
2020-10-09 10:35:24,581 [Worker-12: Building] INFO  o.e.m.c.i.embedder.EclipseLogger - Using 'UTF-8' encoding to copy filtered resources.
2020-10-09 10:35:24,581 [Worker-12: Building] INFO  o.e.m.c.i.embedder.EclipseLogger - skip non existing resourceDirectory C:\Users\novo_\OneDrive\Documentos\ONG Generations\2º Módulo\SpringBoot\vaiDarBomPlataformaDeEstudos\target\classes\META-INF\maven\com.vaiDarBom\vaiDarBomPlataformaDeEstudos\src\main\resources
2020-10-09 10:35:24,582 [Worker-12: Building] INFO  o.e.m.c.i.embedder.EclipseLogger - skip non existing resourceDirectory C:\Users\novo_\OneDrive\Documentos\ONG Generations\2º Módulo\SpringBoot\vaiDarBomPlataformaDeEstudos\target\classes\META-INF\maven\com.vaiDarBom\vaiDarBomPlataformaDeEstudos\src\main\resources
2020-10-09 10:35:24,585 [Worker-12: Building] INFO  o.e.m.c.i.embedder.EclipseLogger - Using 'UTF-8' encoding to copy filtered resources.
2020-10-09 10:35:24,585 [Worker-12: Building] INFO  o.e.m.c.i.embedder.EclipseLogger - skip non existing resourceDirectory C:\Users\novo_\OneDrive\Documentos\ONG Generations\2º Módulo\SpringBoot\vaiDarBomPlataformaDeEstudos\target\classes\META-INF\maven\com.vaiDarBom\vaiDarBomPlataformaDeEstudos\src\test\resources
2020-10-09 10:35:24,588 [Worker-23: Update Maven projects configuration] INFO  o.e.m.j.i.AbstractJavaProjectConfigurator - Adding source folder /vaiDarBomPlataformaDeEstudos/src/main/java
2020-10-09 10:35:24,589 [Worker-23: Update Maven projects configuration] INFO  o.e.m.j.i.AbstractJavaProjectConfigurator - Adding source folder /vaiDarBomPlataformaDeEstudos/src/test/java
2020-10-09 10:35:25,634 [Worker-23: Update Maven projects configuration] INFO  o.e.m.c.i.p.ProjectConfigurationManager - Update completed: 7 sec
2020-10-09 10:35:25,672 [Worker-22: Building] INFO  o.e.m.c.i.embedder.EclipseLogger - Using 'UTF-8' encoding to copy filtered resources.
2020-10-09 10:35:25,672 [Worker-22: Building] INFO  o.e.m.c.i.embedder.EclipseLogger - skip non existing resourceDirectory C:\Users\novo_\OneDrive\Documentos\ONG Generations\2º Módulo\SpringBoot\vaiDarBomPlataformaDeEstudos\target\classes\META-INF\maven\com.vaiDarBom\vaiDarBomPlataformaDeEstudos\src\main\resources
2020-10-09 10:35:25,672 [Worker-22: Building] INFO  o.e.m.c.i.embedder.EclipseLogger - skip non existing resourceDirectory C:\Users\novo_\OneDrive\Documentos\ONG Generations\2º Módulo\SpringBoot\vaiDarBomPlataformaDeEstudos\target\classes\META-INF\maven\com.vaiDarBom\vaiDarBomPlataformaDeEstudos\src\main\resources
2020-10-09 10:35:25,675 [Worker-22: Building] INFO  o.e.m.c.i.embedder.EclipseLogger - Using 'UTF-8' encoding to copy filtered resources.
2020-10-09 10:35:25,675 [Worker-22: Building] INFO  o.e.m.c.i.embedder.EclipseLogger - skip non existing resourceDirectory C:\Users\novo_\OneDrive\Documentos\ONG Generations\2º Módulo\SpringBoot\vaiDarBomPlataformaDeEstudos\target\classes\META-INF\maven\com.vaiDarBom\vaiDarBomPlataformaDeEstudos\src\test\resources
2020-10-09 10:36:10,857 [Worker-3: Updating Maven Dependencies] INFO  o.e.m.c.i.l.LifecycleMappingFactory - Using org.eclipse.m2e.jdt.JarLifecycleMapping lifecycle mapping for MavenProject: com.vaiDarBom:vaiDarBomPlataformaDeEstudos:0.0.1-SNAPSHOT @ C:\Users\novo_\OneDrive\Documentos\ONG Generations\2º Módulo\SpringBoot\vaiDarBomPlataformaDeEstudos\target\classes\META-INF\maven\com.vaiDarBom\vaiDarBomPlataformaDeEstudos\pom.xml.
2020-10-09 10:36:13,372 [Worker-22: Building] INFO  o.e.m.c.i.embedder.EclipseLogger - Using 'UTF-8' encoding to copy filtered resources.
2020-10-09 10:36:13,373 [Worker-22: Building] INFO  o.e.m.c.i.embedder.EclipseLogger - skip non existing resourceDirectory C:\Users\novo_\OneDrive\Documentos\ONG Generations\2º Módulo\SpringBoot\vaiDarBomPlataformaDeEstudos\target\classes\META-INF\maven\com.vaiDarBom\vaiDarBomPlataformaDeEstudos\src\main\resources
2020-10-09 10:36:13,373 [Worker-22: Building] INFO  o.e.m.c.i.embedder.EclipseLogger - skip non existing resourceDirectory C:\Users\novo_\OneDrive\Documentos\ONG Generations\2º Módulo\SpringBoot\vaiDarBomPlataformaDeEstudos\target\classes\META-INF\maven\com.vaiDarBom\vaiDarBomPlataformaDeEstudos\src\main\resources
2020-10-09 10:36:13,376 [Worker-22: Building] INFO  o.e.m.c.i.embedder.EclipseLogger - Using 'UTF-8' encoding to copy filtered resources.
2020-10-09 10:36:13,376 [Worker-22: Building] INFO  o.e.m.c.i.embedder.EclipseLogger - skip non existing resourceDirectory C:\Users\novo_\OneDrive\Documentos\ONG Generations\2º Módulo\SpringBoot\vaiDarBomPlataformaDeEstudos\target\classes\META-INF\maven\com.vaiDarBom\vaiDarBomPlataformaDeEstudos\src\test\resources
2020-10-09 10:39:49,233 [Worker-26: Building] INFO  o.e.m.c.i.embedder.EclipseLogger - Using 'UTF-8' encoding to copy filtered resources.
2020-10-09 10:39:49,234 [Worker-26: Building] INFO  o.e.m.c.i.embedder.EclipseLogger - skip non existing resourceDirectory C:\Users\novo_\OneDrive\Documentos\ONG Generations\2º Módulo\SpringBoot\vaiDarBomPlataformaDeEstudos\target\classes\META-INF\maven\com.vaiDarBom\vaiDarBomPlataformaDeEstudos\src\main\resources
2020-10-09 10:39:49,234 [Worker-26: Building] INFO  o.e.m.c.i.embedder.EclipseLogger - skip non existing resourceDirectory C:\Users\novo_\OneDrive\Documentos\ONG Generations\2º Módulo\SpringBoot\vaiDarBomPlataformaDeEstudos\target\classes\META-INF\maven\com.vaiDarBom\vaiDarBomPlataformaDeEstudos\src\main\resources
2020-10-09 10:39:49,235 [Worker-26: Building] INFO  o.e.m.c.i.embedder.EclipseLogger - Using 'UTF-8' encoding to copy filtered resources.
2020-10-09 10:39:49,236 [Worker-26: Building] INFO  o.e.m.c.i.embedder.EclipseLogger - skip non existing resourceDirectory C:\Users\novo_\OneDrive\Documentos\ONG Generations\2º Módulo\SpringBoot\vaiDarBomPlataformaDeEstudos\target\classes\META-INF\maven\com.vaiDarBom\vaiDarBomPlataformaDeEstudos\src\test\resources
2020-10-09 10:40:00,116 [Worker-27: Building] INFO  o.e.m.c.i.embedder.EclipseLogger - Using 'UTF-8' encoding to copy filtered resources.
2020-10-09 10:40:00,116 [Worker-27: Building] INFO  o.e.m.c.i.embedder.EclipseLogger - skip non existing resourceDirectory C:\Users\novo_\OneDrive\Documentos\ONG Generations\2º Módulo\SpringBoot\vaiDarBomPlataformaDeEstudos\target\classes\META-INF\maven\com.vaiDarBom\vaiDarBomPlataformaDeEstudos\src\main\resources
2020-10-09 10:40:00,116 [Worker-27: Building] INFO  o.e.m.c.i.embedder.EclipseLogger - skip non existing resourceDirectory C:\Users\novo_\OneDrive\Documentos\ONG Generations\2º Módulo\SpringBoot\vaiDarBomPlataformaDeEstudos\target\classes\META-INF\maven\com.vaiDarBom\vaiDarBomPlataformaDeEstudos\src\main\resources
2020-10-09 10:40:00,117 [Worker-27: Building] INFO  o.e.m.c.i.embedder.EclipseLogger - Using 'UTF-8' encoding to copy filtered resources.
2020-10-09 10:40:00,117 [Worker-27: Building] INFO  o.e.m.c.i.embedder.EclipseLogger - skip non existing resourceDirectory C:\Users\novo_\OneDrive\Documentos\ONG Generations\2º Módulo\SpringBoot\vaiDarBomPlataformaDeEstudos\target\classes\META-INF\maven\com.vaiDarBom\vaiDarBomPlataformaDeEstudos\src\test\resources
2020-10-13 09:55:41,330 [Worker-17: Loading available Gradle versions] INFO  o.e.b.c.i.u.g.PublishedGradleVersions - Gradle version information cache is up-to-date. Trying to read.
2020-10-13 10:15:35,111 [Worker-2: Loading available Gradle versions] INFO  o.e.b.c.i.u.g.PublishedGradleVersions - Gradle version information cache is up-to-date. Trying to read.
2020-10-13 10:19:25,028 [Worker-0: Loading available Gradle versions] INFO  o.e.b.c.i.u.g.PublishedGradleVersions - Gradle version information cache is up-to-date. Trying to read.
